2025-01-07T19:38:21.387+08:00  INFO 27108 --- [msa-museum-server] [restartedMain] c.m.museum.MsaMuseumServerApplication    : Starting MsaMuseumServerApplication using Java 23.0.1 with PID 27108 (/Users/fuzihaolizihao/Desktop/museum-server/target/classes started by fuzihaolizihao in /Users/fuzihaolizihao/Desktop/museum-server)
2025-01-07T19:38:21.387+08:00  INFO 27108 --- [msa-museum-server] [restartedMain] c.m.museum.MsaMuseumServerApplication    : No active profile set, falling back to 1 default profile: "default"
2025-01-07T19:38:21.432+08:00  INFO 27108 --- [msa-museum-server] [restartedMain] .s.d.r.c.RepositoryConfigurationDelegate : Bootstrapping Spring Data JPA repositories in DEFAULT mode.
2025-01-07T19:38:21.437+08:00  INFO 27108 --- [msa-museum-server] [restartedMain] .s.d.r.c.RepositoryConfigurationDelegate : Finished Spring Data repository scanning in 4 ms. Found 4 JPA repository interfaces.
2025-01-07T19:38:21.474+08:00  INFO 27108 --- [msa-museum-server] [restartedMain] o.s.b.w.embedded.tomcat.TomcatWebServer  : Tomcat initialized with port 8080 (http)
2025-01-07T19:38:21.474+08:00  INFO 27108 --- [msa-museum-server] [restartedMain] o.apache.catalina.core.StandardService   : Starting service [Tomcat]
2025-01-07T19:38:21.474+08:00  INFO 27108 --- [msa-museum-server] [restartedMain] o.apache.catalina.core.StandardEngine    : Starting Servlet engine: [Apache Tomcat/10.1.33]
2025-01-07T19:38:21.477+08:00  INFO 27108 --- [msa-museum-server] [restartedMain] o.a.c.c.C.[Tomcat].[localhost].[/]       : Initializing Spring embedded WebApplicationContext
2025-01-07T19:38:21.477+08:00  INFO 27108 --- [msa-museum-server] [restartedMain] w.s.c.ServletWebServerApplicationContext : Root WebApplicationContext: initialization completed in 90 ms
2025-01-07T19:38:21.494+08:00  INFO 27108 --- [msa-museum-server] [restartedMain] o.hibernate.jpa.internal.util.LogHelper  : HHH000204: Processing PersistenceUnitInfo [name: default]
2025-01-07T19:38:21.495+08:00  INFO 27108 --- [msa-museum-server] [restartedMain] o.h.c.internal.RegionFactoryInitiator    : HHH000026: Second-level cache disabled
2025-01-07T19:38:21.497+08:00  INFO 27108 --- [msa-museum-server] [restartedMain] o.s.o.j.p.SpringPersistenceUnitInfo      : No LoadTimeWeaver setup: ignoring JPA class transformer
2025-01-07T19:38:21.497+08:00  INFO 27108 --- [msa-museum-server] [restartedMain] com.zaxxer.hikari.HikariDataSource       : HikariPool-11 - Starting...
2025-01-07T19:38:21.505+08:00  INFO 27108 --- [msa-museum-server] [restartedMain] com.zaxxer.hikari.pool.HikariPool        : HikariPool-11 - Added connection org.postgresql.jdbc.PgConnection@47b7a006
2025-01-07T19:38:21.505+08:00  INFO 27108 --- [msa-museum-server] [restartedMain] com.zaxxer.hikari.HikariDataSource       : HikariPool-11 - Start completed.
2025-01-07T19:38:21.511+08:00  WARN 27108 --- [msa-museum-server] [restartedMain] org.hibernate.orm.deprecation            : HHH90000025: PostgreSQLDialect does not need to be specified explicitly using 'hibernate.dialect' (remove the property setting and it will be selected by default)
2025-01-07T19:38:21.535+08:00  INFO 27108 --- [msa-museum-server] [restartedMain] o.h.e.t.j.p.i.JtaPlatformInitiator       : HHH000489: No JTA platform available (set 'hibernate.transaction.jta.platform' to enable JTA platform integration)
2025-01-07T19:38:21.578+08:00  INFO 27108 --- [msa-museum-server] [restartedMain] j.LocalContainerEntityManagerFactoryBean : Initialized JPA EntityManagerFactory for persistence unit 'default'
2025-01-07T19:38:21.628+08:00  WARN 27108 --- [msa-museum-server] [restartedMain] JpaBaseConfiguration$JpaWebConfiguration : spring.jpa.open-in-view is enabled by default. Therefore, database queries may be performed during view rendering. Explicitly configure spring.jpa.open-in-view to disable this warning
2025-01-07T19:38:21.631+08:00  WARN 27108 --- [msa-museum-server] [restartedMain] .s.s.UserDetailsServiceAutoConfiguration : 

Using generated security password: 3955f371-30aa-41f7-bf20-9e42c766f7a5

This generated password is for development use only. Your security configuration must be updated before running your application in production.

2025-01-07T19:38:21.632+08:00  INFO 27108 --- [msa-museum-server] [restartedMain] r$InitializeUserDetailsManagerConfigurer : Global AuthenticationManager configured with UserDetailsService bean with name inMemoryUserDetailsManager
2025-01-07T19:38:21.683+08:00  INFO 27108 --- [msa-museum-server] [restartedMain] o.s.b.d.a.OptionalLiveReloadServer       : LiveReload server is running on port 35729
2025-01-07T19:38:21.687+08:00  INFO 27108 --- [msa-museum-server] [restartedMain] o.s.b.w.embedded.tomcat.TomcatWebServer  : Tomcat started on port 8080 (http) with context path '/'
2025-01-07T19:38:21.689+08:00  INFO 27108 --- [msa-museum-server] [restartedMain] c.m.museum.MsaMuseumServerApplication    : Started MsaMuseumServerApplication in 0.318 seconds (process running for 2028.927)
2025-01-07T19:38:21.689+08:00  INFO 27108 --- [msa-museum-server] [restartedMain] .ConditionEvaluationDeltaLoggingListener : Condition evaluation unchanged
2025-01-07T19:38:57.575+08:00  INFO 27108 --- [msa-museum-server] [http-nio-8080-exec-1] o.a.c.c.C.[Tomcat].[localhost].[/]       : Initializing Spring DispatcherServlet 'dispatcherServlet'
2025-01-07T19:38:57.576+08:00  INFO 27108 --- [msa-museum-server] [http-nio-8080-exec-1] o.s.web.servlet.DispatcherServlet        : Initializing Servlet 'dispatcherServlet'
2025-01-07T19:38:57.578+08:00  INFO 27108 --- [msa-museum-server] [http-nio-8080-exec-1] o.s.web.servlet.DispatcherServlet        : Completed initialization in 2 ms
